0 - Fri Nov 22 13:37:38 2024 - Sensor database opened.
1 - Fri Nov 22 13:37:39 2024 - Data inserted
Data inserted
Data inserted

2 - Fri Nov 22 13:37:44 2024 - Data inserted
Sensor database closed.
0 - Fri Nov 22 13:38:05 2024 - Sensor database opened.
1 - Fri Nov 22 13:38:06 2024 - Data inserted
Data inserted
Data inserted

2 - Fri Nov 22 13:38:11 2024 - Data inserted
Sensor database closed.
0 - Fri Nov 22 13:39:06 2024 - Sensor database opened.
1 - Fri Nov 22 13:39:07 2024 - Data inserted
Data inserted
Data inserted

2 - Fri Nov 22 13:39:12 2024 - Data inserted
Sensor database closed.
0 - Fri Nov 22 13:41:07 2024 - Sensor database opened.
1 - Fri Nov 22 13:41:08 2024 - Data inserted

2 - Fri Nov 22 13:41:08 2024 - Data inserted
Data inserted

3 - Fri Nov 22 13:41:13 2024 - Data inserted

4 - Fri Nov 22 13:41:13 2024 - Sensor database closed.
0 - Fri Nov 22 13:41:36 2024 - Sensor database opened.
1 - Fri Nov 22 13:41:37 2024 - Data inserted
Data inserted
Data inserted

2 - Fri Nov 22 13:41:42 2024 - Data inserted

3 - Fri Nov 22 13:41:42 2024 - Sensor database closed.
0 - Fri Nov 22 13:42:23 2024 - Sensor database opened.
1 - Fri Nov 22 13:42:24 2024 - Data inserted
Data inserted
Data inserted

2 - Fri Nov 22 13:42:29 2024 - Data inserted
Sensor database closed.
0 - Fri Nov 22 13:44:08 2024 - Sensor database opened.
1 - Fri Nov 22 13:44:09 2024 - Data inserted
Data inserted
Data inserted

2 - Fri Nov 22 13:44:14 2024 - Data inserted

3 - Fri Nov 22 13:44:14 2024 - Sensor database closed.
0 - Fri Nov 22 13:44:39 2024 - Sensor database opened.
1 - Fri Nov 22 13:44:40 2024 - Data insertedData insertedData inserted
2 - Fri Nov 22 13:44:45 2024 - Data inserted
3 - Fri Nov 22 13:44:45 2024 - Sensor database closed.
